<?xml version="1.0" encoding="UTF-8"?>
<!-- Generated by org.testng.reporters.JUnitReportReporter -->
<testsuite skipped="0" hostname="OZBEKs-iMac.home" name="com.curahealthecareTestNG.Test.MakeAppoitment.MakeAppointmentTest" tests="1" failures="0" timestamp="10 Dec 2018 03:12:54 GMT" time="25.681" errors="0">
  <testcase name="makeAppointmentTest" time="25.681" classname="com.curahealthecareTestNG.Test.MakeAppoitment.MakeAppointmentTest"/>
</testsuite> <!-- com.curahealthecareTestNG.Test.MakeAppoitment.MakeAppointmentTest -->
