<?xml version="1.0" encoding="UTF-8"?>
<!-- Generated by org.testng.reporters.JUnitReportReporter -->
<testsuite skipped="0" hostname="OZBEKs-iMac.home" name="com.curahealthecareTestNG.Tests.login.LoginTests" tests="4" failures="0" timestamp="10 Dec 2018 05:09:04 GMT" time="23.275" errors="0">
  <testcase name="positiveloginTest" time="2.446" classname="com.curahealthecareTestNG.Tests.login.LoginTests"/>
  <testcase name="positiveloginTest" time="10.448" classname="com.curahealthecareTestNG.Tests.login.LoginTests"/>
  <testcase name="invalidUsernameTest" time="6.896" classname="com.curahealthecareTestNG.Tests.login.LoginTests"/>
  <testcase name="invalidUsernameTest" time="3.485" classname="com.curahealthecareTestNG.Tests.login.LoginTests"/>
</testsuite> <!-- com.curahealthecareTestNG.Tests.login.LoginTests -->
