<?xml version="1.0" encoding="UTF-8"?>
<!-- Generated by org.testng.reporters.JUnitReportReporter -->
<testsuite skipped="0" hostname="OZBEKs-iMac.home" name="com.curahealthecareTestNG.Tests.login.LoginTests" tests="4" failures="0" timestamp="10 Dec 2018 05:35:08 GMT" time="27.846" errors="0">
  <testcase name="positiveloginTest" time="2.807" classname="com.curahealthecareTestNG.Tests.login.LoginTests"/>
  <testcase name="positiveloginTest" time="10.601" classname="com.curahealthecareTestNG.Tests.login.LoginTests"/>
  <testcase name="invalidUsernameTest" time="6.947" classname="com.curahealthecareTestNG.Tests.login.LoginTests"/>
  <testcase name="invalidUsernameTest" time="7.491" classname="com.curahealthecareTestNG.Tests.login.LoginTests"/>
</testsuite> <!-- com.curahealthecareTestNG.Tests.login.LoginTests -->
