<?xml version="1.0" encoding="UTF-8"?>
<!-- Generated by org.testng.reporters.JUnitReportReporter -->
<testsuite skipped="0" hostname="OZBEKs-iMac.home" name="com.curahealthecareTestNG.Tests.login.LoginTests" tests="2" failures="0" timestamp="10 Dec 2018 03:13:14 GMT" time="7.594" errors="0">
  <testcase name="positiveloginTest" time="4.651" classname="com.curahealthecareTestNG.Tests.login.LoginTests"/>
  <testcase name="invalidUsernameTest" time="2.943" classname="com.curahealthecareTestNG.Tests.login.LoginTests"/>
</testsuite> <!-- com.curahealthecareTestNG.Tests.login.LoginTests -->
