<?xml version="1.0" encoding="UTF-8"?>
<!-- Generated by org.testng.reporters.JUnitReportReporter -->
<testsuite skipped="0" hostname="OZBEKs-iMac.home" name="com.curahealthecareTestNG.Test.MakeAppoitment.MakeAppointmentTest" tests="1" failures="0" timestamp="10 Dec 2018 05:22:18 GMT" time="31.613" errors="0">
  <testcase name="makeAppointmentTest" time="31.613" classname="com.curahealthecareTestNG.Test.MakeAppoitment.MakeAppointmentTest"/>
</testsuite> <!-- com.curahealthecareTestNG.Test.MakeAppoitment.MakeAppointmentTest -->
