<?xml version="1.0" encoding="UTF-8"?>
<!-- Generated by org.testng.reporters.JUnitReportReporter -->
<testsuite skipped="0" hostname="OZBEKs-iMac.home" name="com.curahealthecareTestNG.Test.MakeAppoitment.MakeAppointmentTest" tests="2" failures="0" timestamp="10 Dec 2018 05:34:23 GMT" time="60.295" errors="0">
  <testcase name="makeAppointmentTest" time="33.277" classname="com.curahealthecareTestNG.Test.MakeAppoitment.MakeAppointmentTest"/>
  <testcase name="makeAppointmentTest" time="27.018" classname="com.curahealthecareTestNG.Test.MakeAppoitment.MakeAppointmentTest"/>
</testsuite> <!-- com.curahealthecareTestNG.Test.MakeAppoitment.MakeAppointmentTest -->
