<?xml version="1.0" encoding="UTF-8"?>
<!-- Generated by org.testng.reporters.JUnitReportReporter -->
<testsuite skipped="0" hostname="OZBEKs-iMac.home" name="com.curahealthecareTestNG.Tests.login.LoginTests" tests="2" failures="0" timestamp="10 Dec 2018 05:22:18 GMT" time="6.206" errors="0">
  <testcase name="positiveloginTest" time="2.410" classname="com.curahealthecareTestNG.Tests.login.LoginTests"/>
  <testcase name="invalidUsernameTest" time="3.796" classname="com.curahealthecareTestNG.Tests.login.LoginTests"/>
</testsuite> <!-- com.curahealthecareTestNG.Tests.login.LoginTests -->
